<?xml version="1.0" encoding="UTF-8"?>
<testsuite xmlns:xsi="http://www.w3.org/2001/XMLSchema-instance" xsi:noNamespaceSchemaLocation="https://maven.apache.org/surefire/maven-surefire-plugin/xsd/surefire-test-report.xsd" name="com.wsousa.aws.lambda.SpringbootAwsLambdaApplicationTests" time="1.354" tests="1" errors="0" skipped="0" failures="0">
  <properties>
    <property name="java.specification.version" value="19"/>
    <property name="sun.jnu.encoding" value="UTF-8"/>
    <property name="java.class.path" value="/home/weder/Documentos/Projetos/campusParty2023/backEnd/springboot-aws-lambda/target/test-classes:/home/weder/Documentos/Projetos/campusParty2023/backEnd/springboot-aws-lambda/target/classes:/home/weder/.m2/repository/org/springframework/boot/spring-boot-starter/2.7.12/spring-boot-starter-2.7.12.jar:/home/weder/.m2/repository/org/springframework/boot/spring-boot/2.7.12/spring-boot-2.7.12.jar:/home/weder/.m2/repository/org/springframework/spring-context/5.3.27/spring-context-5.3.27.jar:/home/weder/.m2/repository/org/springframework/spring-aop/5.3.27/spring-aop-5.3.27.jar:/home/weder/.m2/repository/org/springframework/spring-beans/5.3.27/spring-beans-5.3.27.jar:/home/weder/.m2/repository/org/springframework/spring-expression/5.3.27/spring-expression-5.3.27.jar:/home/weder/.m2/repository/org/springframework/boot/spring-boot-autoconfigure/2.7.12/spring-boot-autoconfigure-2.7.12.jar:/home/weder/.m2/repository/org/springframework/boot/spring-boot-starter-logging/2.7.12/spring-boot-starter-logging-2.7.12.jar:/home/weder/.m2/repository/ch/qos/logback/logback-classic/1.2.12/logback-classic-1.2.12.jar:/home/weder/.m2/repository/ch/qos/logback/logback-core/1.2.12/logback-core-1.2.12.jar:/home/weder/.m2/repository/org/apache/logging/log4j/log4j-to-slf4j/2.17.2/log4j-to-slf4j-2.17.2.jar:/home/weder/.m2/repository/org/apache/logging/log4j/log4j-api/2.17.2/log4j-api-2.17.2.jar:/home/weder/.m2/repository/org/slf4j/jul-to-slf4j/1.7.36/jul-to-slf4j-1.7.36.jar:/home/weder/.m2/repository/jakarta/annotation/jakarta.annotation-api/1.3.5/jakarta.annotation-api-1.3.5.jar:/home/weder/.m2/repository/org/springframework/spring-core/5.3.27/spring-core-5.3.27.jar:/home/weder/.m2/repository/org/springframework/spring-jcl/5.3.27/spring-jcl-5.3.27.jar:/home/weder/.m2/repository/org/yaml/snakeyaml/1.30/snakeyaml-1.30.jar:/home/weder/.m2/repository/org/springframework/cloud/spring-cloud-function-adapter-aws/3.2.10/spring-cloud-function-adapter-aws-3.2.10.jar:/home/weder/.m2/repository/org/springframework/cloud/spring-cloud-function-context/3.2.10/spring-cloud-function-context-3.2.10.jar:/home/weder/.m2/repository/net/jodah/typetools/0.6.2/typetools-0.6.2.jar:/home/weder/.m2/repository/org/springframework/cloud/spring-cloud-function-core/3.2.10/spring-cloud-function-core-3.2.10.jar:/home/weder/.m2/repository/io/projectreactor/reactor-core/3.4.29/reactor-core-3.4.29.jar:/home/weder/.m2/repository/org/reactivestreams/reactive-streams/1.0.4/reactive-streams-1.0.4.jar:/home/weder/.m2/repository/org/springframework/spring-messaging/5.3.27/spring-messaging-5.3.27.jar:/home/weder/.m2/repository/com/fasterxml/jackson/core/jackson-databind/2.13.5/jackson-databind-2.13.5.jar:/home/weder/.m2/repository/com/fasterxml/jackson/core/jackson-annotations/2.13.5/jackson-annotations-2.13.5.jar:/home/weder/.m2/repository/com/fasterxml/jackson/core/jackson-core/2.13.5/jackson-core-2.13.5.jar:/home/weder/.m2/repository/javax/annotation/javax.annotation-api/1.3.2/javax.annotation-api-1.3.2.jar:/home/weder/.m2/repository/org/projectlombok/lombok/1.18.22/lombok-1.18.22.jar:/home/weder/.m2/repository/org/springframework/boot/spring-boot-starter-test/2.7.12/spring-boot-starter-test-2.7.12.jar:/home/weder/.m2/repository/org/springframework/boot/spring-boot-test/2.7.12/spring-boot-test-2.7.12.jar:/home/weder/.m2/repository/org/springframework/boot/spring-boot-test-autoconfigure/2.7.12/spring-boot-test-autoconfigure-2.7.12.jar:/home/weder/.m2/repository/com/jayway/jsonpath/json-path/2.7.0/json-path-2.7.0.jar:/home/weder/.m2/repository/net/minidev/json-smart/2.4.11/json-smart-2.4.11.jar:/home/weder/.m2/repository/net/minidev/accessors-smart/2.4.11/accessors-smart-2.4.11.jar:/home/weder/.m2/repository/org/ow2/asm/asm/9.3/asm-9.3.jar:/home/weder/.m2/repository/org/slf4j/slf4j-api/1.7.36/slf4j-api-1.7.36.jar:/home/weder/.m2/repository/jakarta/xml/bind/jakarta.xml.bind-api/2.3.3/jakarta.xml.bind-api-2.3.3.jar:/home/weder/.m2/repository/jakarta/activation/jakarta.activation-api/1.2.2/jakarta.activation-api-1.2.2.jar:/home/weder/.m2/repository/org/assertj/assertj-core/3.22.0/assertj-core-3.22.0.jar:/home/weder/.m2/repository/org/hamcrest/hamcrest/2.2/hamcrest-2.2.jar:/home/weder/.m2/repository/org/junit/jupiter/junit-jupiter/5.8.2/junit-jupiter-5.8.2.jar:/home/weder/.m2/repository/org/junit/jupiter/junit-jupiter-api/5.8.2/junit-jupiter-api-5.8.2.jar:/home/weder/.m2/repository/org/opentest4j/opentest4j/1.2.0/opentest4j-1.2.0.jar:/home/weder/.m2/repository/org/junit/platform/junit-platform-commons/1.8.2/junit-platform-commons-1.8.2.jar:/home/weder/.m2/repository/org/apiguardian/apiguardian-api/1.1.2/apiguardian-api-1.1.2.jar:/home/weder/.m2/repository/org/junit/jupiter/junit-jupiter-params/5.8.2/junit-jupiter-params-5.8.2.jar:/home/weder/.m2/repository/org/junit/jupiter/junit-jupiter-engine/5.8.2/junit-jupiter-engine-5.8.2.jar:/home/weder/.m2/repository/org/junit/platform/junit-platform-engine/1.8.2/junit-platform-engine-1.8.2.jar:/home/weder/.m2/repository/org/mockito/mockito-core/4.5.1/mockito-core-4.5.1.jar:/home/weder/.m2/repository/net/bytebuddy/byte-buddy/1.12.23/byte-buddy-1.12.23.jar:/home/weder/.m2/repository/net/bytebuddy/byte-buddy-agent/1.12.23/byte-buddy-agent-1.12.23.jar:/home/weder/.m2/repository/org/objenesis/objenesis/3.2/objenesis-3.2.jar:/home/weder/.m2/repository/org/mockito/mockito-junit-jupiter/4.5.1/mockito-junit-jupiter-4.5.1.jar:/home/weder/.m2/repository/org/skyscreamer/jsonassert/1.5.1/jsonassert-1.5.1.jar:/home/weder/.m2/repository/com/vaadin/external/google/android-json/0.0.20131108.vaadin1/android-json-0.0.20131108.vaadin1.jar:/home/weder/.m2/repository/org/springframework/spring-test/5.3.27/spring-test-5.3.27.jar:/home/weder/.m2/repository/org/xmlunit/xmlunit-core/2.9.1/xmlunit-core-2.9.1.jar:"/>
    <property name="java.vm.vendor" value="Oracle Corporation"/>
    <property name="sun.arch.data.model" value="64"/>
    <property name="java.vendor.url" value="https://java.oracle.com/"/>
    <property name="os.name" value="Linux"/>
    <property name="java.vm.specification.version" value="19"/>
    <property name="sun.java.launcher" value="SUN_STANDARD"/>
    <property name="user.country" value="BR"/>
    <property name="sun.boot.library.path" value="/opt/jdk-19/lib"/>
    <property name="sun.java.command" value="/home/weder/Documentos/Projetos/campusParty2023/backEnd/springboot-aws-lambda/target/surefire/surefirebooter16129651314690221439.jar /home/weder/Documentos/Projetos/campusParty2023/backEnd/springboot-aws-lambda/target/surefire 2023-06-08T00-16-16_267-jvmRun1 surefire79680099565201767tmp surefire_03956662165616017017tmp"/>
    <property name="jdk.debug" value="release"/>
    <property name="surefire.test.class.path" value="/home/weder/Documentos/Projetos/campusParty2023/backEnd/springboot-aws-lambda/target/test-classes:/home/weder/Documentos/Projetos/campusParty2023/backEnd/springboot-aws-lambda/target/classes:/home/weder/.m2/repository/org/springframework/boot/spring-boot-starter/2.7.12/spring-boot-starter-2.7.12.jar:/home/weder/.m2/repository/org/springframework/boot/spring-boot/2.7.12/spring-boot-2.7.12.jar:/home/weder/.m2/repository/org/springframework/spring-context/5.3.27/spring-context-5.3.27.jar:/home/weder/.m2/repository/org/springframework/spring-aop/5.3.27/spring-aop-5.3.27.jar:/home/weder/.m2/repository/org/springframework/spring-beans/5.3.27/spring-beans-5.3.27.jar:/home/weder/.m2/repository/org/springframework/spring-expression/5.3.27/spring-expression-5.3.27.jar:/home/weder/.m2/repository/org/springframework/boot/spring-boot-autoconfigure/2.7.12/spring-boot-autoconfigure-2.7.12.jar:/home/weder/.m2/repository/org/springframework/boot/spring-boot-starter-logging/2.7.12/spring-boot-starter-logging-2.7.12.jar:/home/weder/.m2/repository/ch/qos/logback/logback-classic/1.2.12/logback-classic-1.2.12.jar:/home/weder/.m2/repository/ch/qos/logback/logback-core/1.2.12/logback-core-1.2.12.jar:/home/weder/.m2/repository/org/apache/logging/log4j/log4j-to-slf4j/2.17.2/log4j-to-slf4j-2.17.2.jar:/home/weder/.m2/repository/org/apache/logging/log4j/log4j-api/2.17.2/log4j-api-2.17.2.jar:/home/weder/.m2/repository/org/slf4j/jul-to-slf4j/1.7.36/jul-to-slf4j-1.7.36.jar:/home/weder/.m2/repository/jakarta/annotation/jakarta.annotation-api/1.3.5/jakarta.annotation-api-1.3.5.jar:/home/weder/.m2/repository/org/springframework/spring-core/5.3.27/spring-core-5.3.27.jar:/home/weder/.m2/repository/org/springframework/spring-jcl/5.3.27/spring-jcl-5.3.27.jar:/home/weder/.m2/repository/org/yaml/snakeyaml/1.30/snakeyaml-1.30.jar:/home/weder/.m2/repository/org/springframework/cloud/spring-cloud-function-adapter-aws/3.2.10/spring-cloud-function-adapter-aws-3.2.10.jar:/home/weder/.m2/repository/org/springframework/cloud/spring-cloud-function-context/3.2.10/spring-cloud-function-context-3.2.10.jar:/home/weder/.m2/repository/net/jodah/typetools/0.6.2/typetools-0.6.2.jar:/home/weder/.m2/repository/org/springframework/cloud/spring-cloud-function-core/3.2.10/spring-cloud-function-core-3.2.10.jar:/home/weder/.m2/repository/io/projectreactor/reactor-core/3.4.29/reactor-core-3.4.29.jar:/home/weder/.m2/repository/org/reactivestreams/reactive-streams/1.0.4/reactive-streams-1.0.4.jar:/home/weder/.m2/repository/org/springframework/spring-messaging/5.3.27/spring-messaging-5.3.27.jar:/home/weder/.m2/repository/com/fasterxml/jackson/core/jackson-databind/2.13.5/jackson-databind-2.13.5.jar:/home/weder/.m2/repository/com/fasterxml/jackson/core/jackson-annotations/2.13.5/jackson-annotations-2.13.5.jar:/home/weder/.m2/repository/com/fasterxml/jackson/core/jackson-core/2.13.5/jackson-core-2.13.5.jar:/home/weder/.m2/repository/javax/annotation/javax.annotation-api/1.3.2/javax.annotation-api-1.3.2.jar:/home/weder/.m2/repository/org/projectlombok/lombok/1.18.22/lombok-1.18.22.jar:/home/weder/.m2/repository/org/springframework/boot/spring-boot-starter-test/2.7.12/spring-boot-starter-test-2.7.12.jar:/home/weder/.m2/repository/org/springframework/boot/spring-boot-test/2.7.12/spring-boot-test-2.7.12.jar:/home/weder/.m2/repository/org/springframework/boot/spring-boot-test-autoconfigure/2.7.12/spring-boot-test-autoconfigure-2.7.12.jar:/home/weder/.m2/repository/com/jayway/jsonpath/json-path/2.7.0/json-path-2.7.0.jar:/home/weder/.m2/repository/net/minidev/json-smart/2.4.11/json-smart-2.4.11.jar:/home/weder/.m2/repository/net/minidev/accessors-smart/2.4.11/accessors-smart-2.4.11.jar:/home/weder/.m2/repository/org/ow2/asm/asm/9.3/asm-9.3.jar:/home/weder/.m2/repository/org/slf4j/slf4j-api/1.7.36/slf4j-api-1.7.36.jar:/home/weder/.m2/repository/jakarta/xml/bind/jakarta.xml.bind-api/2.3.3/jakarta.xml.bind-api-2.3.3.jar:/home/weder/.m2/repository/jakarta/activation/jakarta.activation-api/1.2.2/jakarta.activation-api-1.2.2.jar:/home/weder/.m2/repository/org/assertj/assertj-core/3.22.0/assertj-core-3.22.0.jar:/home/weder/.m2/repository/org/hamcrest/hamcrest/2.2/hamcrest-2.2.jar:/home/weder/.m2/repository/org/junit/jupiter/junit-jupiter/5.8.2/junit-jupiter-5.8.2.jar:/home/weder/.m2/repository/org/junit/jupiter/junit-jupiter-api/5.8.2/junit-jupiter-api-5.8.2.jar:/home/weder/.m2/repository/org/opentest4j/opentest4j/1.2.0/opentest4j-1.2.0.jar:/home/weder/.m2/repository/org/junit/platform/junit-platform-commons/1.8.2/junit-platform-commons-1.8.2.jar:/home/weder/.m2/repository/org/apiguardian/apiguardian-api/1.1.2/apiguardian-api-1.1.2.jar:/home/weder/.m2/repository/org/junit/jupiter/junit-jupiter-params/5.8.2/junit-jupiter-params-5.8.2.jar:/home/weder/.m2/repository/org/junit/jupiter/junit-jupiter-engine/5.8.2/junit-jupiter-engine-5.8.2.jar:/home/weder/.m2/repository/org/junit/platform/junit-platform-engine/1.8.2/junit-platform-engine-1.8.2.jar:/home/weder/.m2/repository/org/mockito/mockito-core/4.5.1/mockito-core-4.5.1.jar:/home/weder/.m2/repository/net/bytebuddy/byte-buddy/1.12.23/byte-buddy-1.12.23.jar:/home/weder/.m2/repository/net/bytebuddy/byte-buddy-agent/1.12.23/byte-buddy-agent-1.12.23.jar:/home/weder/.m2/repository/org/objenesis/objenesis/3.2/objenesis-3.2.jar:/home/weder/.m2/repository/org/mockito/mockito-junit-jupiter/4.5.1/mockito-junit-jupiter-4.5.1.jar:/home/weder/.m2/repository/org/skyscreamer/jsonassert/1.5.1/jsonassert-1.5.1.jar:/home/weder/.m2/repository/com/vaadin/external/google/android-json/0.0.20131108.vaadin1/android-json-0.0.20131108.vaadin1.jar:/home/weder/.m2/repository/org/springframework/spring-test/5.3.27/spring-test-5.3.27.jar:/home/weder/.m2/repository/org/xmlunit/xmlunit-core/2.9.1/xmlunit-core-2.9.1.jar:"/>
    <property name="sun.cpu.endian" value="little"/>
    <property name="user.home" value="/home/weder"/>
    <property name="user.language" value="pt"/>
    <property name="java.specification.vendor" value="Oracle Corporation"/>
    <property name="java.version.date" value="2022-09-20"/>
    <property name="java.home" value="/opt/jdk-19"/>
    <property name="file.separator" value="/"/>
    <property name="basedir" value="/home/weder/Documentos/Projetos/campusParty2023/backEnd/springboot-aws-lambda"/>
    <property name="java.vm.compressedOopsMode" value="Zero based"/>
    <property name="line.separator" value="&#10;"/>
    <property name="java.specification.name" value="Java Platform API Specification"/>
    <property name="java.vm.specification.vendor" value="Oracle Corporation"/>
    <property name="surefire.real.class.path" value="/home/weder/Documentos/Projetos/campusParty2023/backEnd/springboot-aws-lambda/target/surefire/surefirebooter16129651314690221439.jar"/>
    <property name="sun.management.compiler" value="HotSpot 64-Bit Tiered Compilers"/>
    <property name="java.runtime.version" value="19+36-2238"/>
    <property name="user.name" value="weder"/>
    <property name="stdout.encoding" value="UTF-8"/>
    <property name="path.separator" value=":"/>
    <property name="os.version" value="5.4.0-148-generic"/>
    <property name="java.runtime.name" value="Java(TM) SE Runtime Environment"/>
    <property name="file.encoding" value="UTF-8"/>
    <property name="java.vm.name" value="Java HotSpot(TM) 64-Bit Server VM"/>
    <property name="localRepository" value="/home/weder/.m2/repository"/>
    <property name="java.vendor.url.bug" value="https://bugreport.java.com/bugreport/"/>
    <property name="java.io.tmpdir" value="/tmp"/>
    <property name="idea.version" value="2023.1.1"/>
    <property name="java.version" value="19"/>
    <property name="user.dir" value="/home/weder/Documentos/Projetos/campusParty2023/backEnd/springboot-aws-lambda"/>
    <property name="os.arch" value="amd64"/>
    <property name="java.vm.specification.name" value="Java Virtual Machine Specification"/>
    <property name="native.encoding" value="UTF-8"/>
    <property name="java.library.path" value="/usr/java/packages/lib:/usr/lib64:/lib64:/lib:/usr/lib"/>
    <property name="java.vm.info" value="mixed mode, sharing"/>
    <property name="stderr.encoding" value="UTF-8"/>
    <property name="java.vendor" value="Oracle Corporation"/>
    <property name="java.vm.version" value="19+36-2238"/>
    <property name="sun.io.unicode.encoding" value="UnicodeLittle"/>
    <property name="java.class.version" value="63.0"/>
  </properties>
  <testcase name="contextLoads" classname="com.wsousa.aws.lambda.SpringbootAwsLambdaApplicationTests" time="0.324"/>
</testsuite>